{"level":"info","message":"Connected to MongoDB successfully","service":"lil-gargs-bot","timestamp":"2025-08-10 00:59:18"}
{"level":"info","message":"Loaded command: add-document","service":"lil-gargs-bot","timestamp":"2025-08-10 00:59:18"}
{"level":"info","message":"Loaded command: ask","service":"lil-gargs-bot","timestamp":"2025-08-10 00:59:18"}
{"level":"info","message":"Loaded command: list-documents","service":"lil-gargs-bot","timestamp":"2025-08-10 00:59:18"}
{"level":"info","message":"Loaded command: remove-document","service":"lil-gargs-bot","timestamp":"2025-08-10 00:59:18"}
{"level":"info","message":"Loaded command: status","service":"lil-gargs-bot","timestamp":"2025-08-10 00:59:18"}
{"level":"info","message":"Loaded command: verify","service":"lil-gargs-bot","timestamp":"2025-08-10 00:59:18"}
{"level":"info","message":"Lil Gargs Bot initialized successfully!","service":"lil-gargs-bot","timestamp":"2025-08-10 00:59:21"}
{"level":"info","message":"Bot is ready! Logged in as Lil Gargs Bot#3286","service":"lil-gargs-bot","timestamp":"2025-08-10 00:59:21"}
{"level":"info","message":"Status checked by elderhorror (1356652426240852009) - Verified: false","service":"lil-gargs-bot","timestamp":"2025-08-10 02:02:55"}
{"level":"error","message":"Error fetching NFTs from Helius:","service":"lil-gargs-bot","timestamp":"2025-08-10 02:03:33"}
{"level":"error","message":"Error getting lil-gargs NFTs:","service":"lil-gargs-bot","timestamp":"2025-08-10 02:03:33"}
{"level":"error","message":"Error verifying NFT ownership:","service":"lil-gargs-bot","timestamp":"2025-08-10 02:03:33"}
{"level":"error","message":"Error in verify command: Failed to fetch NFTs: Request failed with status code 403","service":"lil-gargs-bot","stack":"Error: Failed to fetch NFTs: Request failed with status code 403\n    at NFTVerificationService.getNFTsByOwner (C:\\Users\\ElderHorror\\Documents\\gig\\new-lil-gargs-bot\\src\\services\\nftVerification.js:59:19)\n    at process.processTicksAndRejections (node:internal/process/task_queues:105:5)\n    at async NFTVerificationService.getLilGargsNFTs (C:\\Users\\ElderHorror\\Documents\\gig\\new-lil-gargs-bot\\src\\services\\nftVerification.js:87:29)\n    at async NFTVerificationService.verifyNFTOwnership (C:\\Users\\ElderHorror\\Documents\\gig\\new-lil-gargs-bot\\src\\services\\nftVerification.js:111:34)\n    at async Object.execute (C:\\Users\\ElderHorror\\Documents\\gig\\new-lil-gargs-bot\\src\\commands\\verify.js:45:40)\n    at async Client.<anonymous> (C:\\Users\\ElderHorror\\Documents\\gig\\new-lil-gargs-bot\\src\\index.js:75:9)","timestamp":"2025-08-10 02:03:33"}
{"level":"error","message":"Error fetching NFTs from Helius:","service":"lil-gargs-bot","timestamp":"2025-08-10 02:03:48"}
{"level":"error","message":"Error getting lil-gargs NFTs:","service":"lil-gargs-bot","timestamp":"2025-08-10 02:03:48"}
{"level":"error","message":"Error verifying NFT ownership:","service":"lil-gargs-bot","timestamp":"2025-08-10 02:03:48"}
{"level":"error","message":"Error in verify command: Failed to fetch NFTs: Request failed with status code 403","service":"lil-gargs-bot","stack":"Error: Failed to fetch NFTs: Request failed with status code 403\n    at NFTVerificationService.getNFTsByOwner (C:\\Users\\ElderHorror\\Documents\\gig\\new-lil-gargs-bot\\src\\services\\nftVerification.js:59:19)\n    at process.processTicksAndRejections (node:internal/process/task_queues:105:5)\n    at async NFTVerificationService.getLilGargsNFTs (C:\\Users\\ElderHorror\\Documents\\gig\\new-lil-gargs-bot\\src\\services\\nftVerification.js:87:29)\n    at async NFTVerificationService.verifyNFTOwnership (C:\\Users\\ElderHorror\\Documents\\gig\\new-lil-gargs-bot\\src\\services\\nftVerification.js:111:34)\n    at async Object.execute (C:\\Users\\ElderHorror\\Documents\\gig\\new-lil-gargs-bot\\src\\commands\\verify.js:45:40)\n    at async Client.<anonymous> (C:\\Users\\ElderHorror\\Documents\\gig\\new-lil-gargs-bot\\src\\index.js:75:9)","timestamp":"2025-08-10 02:03:48"}
{"level":"info","message":"Processing AI chat message: \"How are you?\" from user 1356652426240852009","service":"lil-gargs-bot","timestamp":"2025-08-10 02:04:20"}
{"level":"info","message":"AI question from elderhorror (1356652426240852009): \"How are you?\" - Response length: 154","service":"lil-gargs-bot","timestamp":"2025-08-10 02:04:22"}
{"level":"info","message":"NFT verification for 9fT6Spqbv9FxK7Ktxr6bDfASWc6k5acUNr1zMv5WrGfA: NOT VERIFIED (0 NFTs)","service":"lil-gargs-bot","timestamp":"2025-08-10 02:35:45"}
{"level":"info","message":"Connected to MongoDB successfully","service":"lil-gargs-bot","timestamp":"2025-08-10 02:36:09"}
{"level":"info","message":"Loaded command: add-document","service":"lil-gargs-bot","timestamp":"2025-08-10 02:36:09"}
{"level":"info","message":"Loaded command: ask","service":"lil-gargs-bot","timestamp":"2025-08-10 02:36:09"}
{"level":"info","message":"Loaded command: list-documents","service":"lil-gargs-bot","timestamp":"2025-08-10 02:36:09"}
{"level":"info","message":"Loaded command: remove-document","service":"lil-gargs-bot","timestamp":"2025-08-10 02:36:09"}
{"level":"info","message":"Loaded command: status","service":"lil-gargs-bot","timestamp":"2025-08-10 02:36:09"}
{"level":"info","message":"Loaded command: verify","service":"lil-gargs-bot","timestamp":"2025-08-10 02:36:10"}
{"level":"info","message":"Lil Gargs Bot initialized successfully!","service":"lil-gargs-bot","timestamp":"2025-08-10 02:36:11"}
{"level":"info","message":"Bot is ready! Logged in as Lil Gargs Bot#3286","service":"lil-gargs-bot","timestamp":"2025-08-10 02:36:12"}
{"level":"info","message":"SIGINT received, shutting down gracefully","service":"lil-gargs-bot","timestamp":"2025-08-10 02:36:47"}
{"level":"error","message":"Error fetching NFTs from Helius:","service":"lil-gargs-bot","timestamp":"2025-08-10 02:38:30"}
{"level":"info","message":"Connected to MongoDB successfully","service":"lil-gargs-bot","timestamp":"2025-08-10 02:39:00"}
{"level":"info","message":"Loaded command: add-document","service":"lil-gargs-bot","timestamp":"2025-08-10 02:39:00"}
{"level":"info","message":"Loaded command: ask","service":"lil-gargs-bot","timestamp":"2025-08-10 02:39:00"}
{"level":"info","message":"Loaded command: list-documents","service":"lil-gargs-bot","timestamp":"2025-08-10 02:39:00"}
{"level":"info","message":"Loaded command: remove-document","service":"lil-gargs-bot","timestamp":"2025-08-10 02:39:00"}
{"level":"info","message":"Loaded command: status","service":"lil-gargs-bot","timestamp":"2025-08-10 02:39:00"}
{"level":"info","message":"Loaded command: verify","service":"lil-gargs-bot","timestamp":"2025-08-10 02:39:01"}
{"level":"info","message":"Lil Gargs Bot initialized successfully!","service":"lil-gargs-bot","timestamp":"2025-08-10 02:39:03"}
{"level":"info","message":"Bot is ready! Logged in as Lil Gargs Bot#3286","service":"lil-gargs-bot","timestamp":"2025-08-10 02:39:03"}
{"level":"info","message":"NFT verification for BRofRUhr1k9fqcpjncBR3xHPxWNW2tHYfYHFPxtqSbhv: VERIFIED (1 NFTs)","service":"lil-gargs-bot","timestamp":"2025-08-10 02:39:17"}
